<?xml version="1.0" encoding="UTF-8"?>
<!-- Generated by org.testng.reporters.JUnitReportReporter -->
<testsuite hostname="DL-LP-36" failures="0" tests="1" name="com.spokenly.digitarm.TestClass" time="8.254" errors="0" timestamp="2022-06-03T15:19:21 WAT" skipped="0">
  <testcase classname="com.spokenly.digitarm.TestClass" name="VerifyEval" time="8.254"/>
  <system-out>
    <![CDATA[Test is starting ....
Logged in successfully
First Call details in opened successfully
The eval report page is displaying .... 
The list of sub-items is expanded successfully]]>
  </system-out>
</testsuite> <!-- com.spokenly.digitarm.TestClass -->
