<?xml version="1.0" encoding="UTF-8"?>
<!-- Generated by org.testng.reporters.JUnitReportReporter -->
<testsuite hostname="DL-LP-36" failures="0" tests="1" name="com.spokenly.digitarm.GridSubItemAndCoefVerification" time="12.739" errors="0" timestamp="2022-06-02T12:48:59 WAT" skipped="0">
  <testcase classname="com.spokenly.digitarm.GridSubItemAndCoefVerification" name="ItemCoefVerifcation" time="12.739"/>
  <system-out>
    <![CDATA[Test is starting ....
Logged in successfully
Running Filter ....
Agent DL1967 calls are selected 
The grid is selected successfully]]>
  </system-out>
</testsuite> <!-- com.spokenly.digitarm.GridSubItemAndCoefVerification -->
