<?xml version="1.0" encoding="UTF-8"?>
<!-- Generated by org.testng.reporters.JUnitReportReporter -->
<testsuite hostname="DL-LP-36" failures="0" tests="7" name="com.spokenly.digitarm.CallReportTest" time="42.403" errors="0" timestamp="2022-04-20T14:39:03 WAT" skipped="1">
  <testcase classname="com.spokenly.digitarm.CallReportTest" name="SelectCallAndGrid3" time="6.098"/>
  <system-out>
    <![CDATA[Test is starting ....
Logged in successfully
Running Filter ....
Element is present ....]]>
  </system-out>
  <testcase classname="com.spokenly.digitarm.CallReportTest" name="SelectCallAndGrid3" time="6.368"/>
  <system-out>
    <![CDATA[Test is starting ....
Logged in successfully
Running Filter ....
Element is present ....]]>
  </system-out>
  <testcase classname="com.spokenly.digitarm.CallReportTest" name="SelectCallAndGrid3" time="5.108">
    <skipped/>
  </testcase> <!-- SelectCallAndGrid3 -->
  <system-out>
    <![CDATA[Test is starting ....
Logged in successfully
Running Filter ....
Element is present ....]]>
  </system-out>
  <testcase classname="com.spokenly.digitarm.CallReportTest" name="SelectCallAndGrid3" time="5.683"/>
  <system-out>
    <![CDATA[Test is starting ....
Logged in successfully
Running Filter ....
Element is present ....]]>
  </system-out>
  <testcase classname="com.spokenly.digitarm.CallReportTest" name="SelectCallAndGrid3" time="6.569"/>
  <system-out>
    <![CDATA[Test is starting ....
Logged in successfully
Running Filter ....
Element is present ....]]>
  </system-out>
  <testcase classname="com.spokenly.digitarm.CallReportTest" name="SelectCallAndGrid3" time="6.552"/>
  <system-out>
    <![CDATA[Test is starting ....
Logged in successfully
Running Filter ....
Element is present ....]]>
  </system-out>
  <testcase classname="com.spokenly.digitarm.CallReportTest" name="SelectCallAndGrid3" time="6.025"/>
  <system-out>
    <![CDATA[Test is starting ....
Logged in successfully
Running Filter ....
Element is present ....]]>
  </system-out>
</testsuite> <!-- com.spokenly.digitarm.CallReportTest -->
