<?xml version="1.0" encoding="UTF-8"?>
<!-- Generated by org.testng.reporters.JUnitReportReporter -->
<testsuite hostname="DL-LP-36" failures="0" tests="1" name="com.spokenly.digitarm.RandomEval" time="12.828" errors="0" timestamp="2022-06-02T13:05:24 WAT" skipped="0">
  <testcase classname="com.spokenly.digitarm.RandomEval" name="ECRandomEvalByAgent" time="12.828"/>
  <system-out>
    <![CDATA[Test is starting ....
Logged in successfully
Running Filter ....
Agent DL1967 calls are selected 
The grid is selected successfully
The grid is being evaluated ....
The grid is successfully evaluated]]>
  </system-out>
</testsuite> <!-- com.spokenly.digitarm.RandomEval -->
